C:\USERS\MATTHEW\DOCUMENTS\VISUAL STUDIO 2010\PROJECTS\ADDMUSICK - COPY (5)\AM4BATCH\RELEASE\AM4BATCH.EXE.INTERMEDIATE.MANIFEST
C:\USERS\MATTHEW\DOCUMENTS\VISUAL STUDIO 2010\PROJECTS\ADDMUSICK - COPY (5)\AM4BATCH\RELEASE\AM4BATCH.OBJ
C:\Users\Matthew\Documents\Visual Studio 2010\Projects\AddmusicK - Copy (5)\AM4Batch\Release\AM4Batch.vcxprojResolveAssemblyReference.cache
C:\Users\Matthew\Documents\Visual Studio 2010\Projects\AddmusicK - Copy (5)\AM4Batch\Release\AM4Batch.write.1.tlog
C:\Users\Matthew\Documents\Visual Studio 2010\Projects\AddmusicK - Copy (5)\AM4Batch\Release\cl.command.1.tlog
C:\Users\Matthew\Documents\Visual Studio 2010\Projects\AddmusicK - Copy (5)\AM4Batch\Release\CL.read.1.tlog
C:\Users\Matthew\Documents\Visual Studio 2010\Projects\AddmusicK - Copy (5)\AM4Batch\Release\CL.write.1.tlog
C:\Users\Matthew\Documents\Visual Studio 2010\Projects\AddmusicK - Copy (5)\AM4Batch\Release\link.command.1.tlog
C:\Users\Matthew\Documents\Visual Studio 2010\Projects\AddmusicK - Copy (5)\AM4Batch\Release\link.read.1.tlog
C:\Users\Matthew\Documents\Visual Studio 2010\Projects\AddmusicK - Copy (5)\AM4Batch\Release\link.write.1.tlog
C:\Users\Matthew\Documents\Visual Studio 2010\Projects\AddmusicK - Copy (5)\AM4Batch\Release\mt.command.1.tlog
C:\Users\Matthew\Documents\Visual Studio 2010\Projects\AddmusicK - Copy (5)\AM4Batch\Release\mt.read.1.tlog
C:\Users\Matthew\Documents\Visual Studio 2010\Projects\AddmusicK - Copy (5)\AM4Batch\Release\mt.write.1.tlog
C:\USERS\MATTHEW\DOCUMENTS\VISUAL STUDIO 2010\PROJECTS\ADDMUSICK - COPY (5)\AM4BATCH\RELEASE\STDAFX.OBJ
C:\USERS\MATTHEW\DOCUMENTS\VISUAL STUDIO 2010\PROJECTS\ADDMUSICK - COPY (5)\AM4BATCH\RELEASE\VC100.PDB
C:\USERS\MATTHEW\DOCUMENTS\VISUAL STUDIO 2010\PROJECTS\ADDMUSICK - COPY (5)\RELEASE\AM4BATCH.EXE
C:\USERS\MATTHEW\DOCUMENTS\VISUAL STUDIO 2010\PROJECTS\ADDMUSICK - COPY (5)\RELEASE\AM4BATCH.PDB
C:\USERS\MATTHEW\DOCUMENTS\VISUAL STUDIO 2010\PROJECTS\ADDMUSICK\AM4BATCH\RELEASE\AM4BATCH.EXE.INTERMEDIATE.MANIFEST
C:\USERS\MATTHEW\DOCUMENTS\VISUAL STUDIO 2010\PROJECTS\ADDMUSICK\AM4BATCH\RELEASE\AM4BATCH.OBJ
C:\USERS\MATTHEW\DOCUMENTS\VISUAL STUDIO 2010\PROJECTS\ADDMUSICK\AM4BATCH\RELEASE\STDAFX.OBJ
C:\USERS\MATTHEW\DOCUMENTS\VISUAL STUDIO 2010\PROJECTS\ADDMUSICK\AM4BATCH\RELEASE\VC100.PDB
C:\USERS\MATTHEW\DOCUMENTS\VISUAL STUDIO 2010\PROJECTS\ADDMUSICK\RELEASE\AM4BATCH.EXE
C:\USERS\MATTHEW\DOCUMENTS\VISUAL STUDIO 2010\PROJECTS\ADDMUSICK\RELEASE\AM4BATCH.PDB
